<?xml version="1.0" encoding="UTF-8"?>
<!-- Generated by org.testng.reporters.JUnitReportReporter -->
<testsuite hostname="DESKTOP-0CQBC83" failures="0" tests="2" name="tusharorg.tests.SubmitOrderTest" time="38.700" errors="0" timestamp="2024-08-18T09:35:13 IST" skipped="0">
  <testcase classname="tusharorg.tests.SubmitOrderTest" name="orderHistoryTest" time="17.639"/>
  <system-out/>
  <testcase classname="tusharorg.tests.SubmitOrderTest" name="submitOrder" time="21.061"/>
  <system-out/>
</testsuite> <!-- tusharorg.tests.SubmitOrderTest -->
