<?xml version="1.0" encoding="UTF-8"?>
<!-- Generated by org.testng.reporters.JUnitReportReporter -->
<testsuite hostname="DESKTOP-0CQBC83" failures="0" tests="1" name="tusharorg.tests.ErrorValidationsTest" time="13.114" errors="0" timestamp="2024-08-18T09:50:28 IST" skipped="0">
  <testcase classname="tusharorg.tests.ErrorValidationsTest" name="LoginErrorValidation" time="13.114"/>
  <system-out/>
</testsuite> <!-- tusharorg.tests.ErrorValidationsTest -->
