<?xml version="1.0" encoding="UTF-8"?>
<!-- Generated by org.testng.reporters.JUnitReportReporter -->
<testsuite hostname="DESKTOP-0CQBC83" failures="0" tests="2" name="tusharorg.tests.SubmitOrderTest" time="40.001" errors="0" timestamp="2024-08-18T10:48:30 IST" skipped="0">
  <testcase classname="tusharorg.tests.SubmitOrderTest" name="submitOrder" time="20.349"/>
  <system-out/>
  <testcase classname="tusharorg.tests.SubmitOrderTest" name="submitOrder" time="19.652"/>
  <system-out/>
</testsuite> <!-- tusharorg.tests.SubmitOrderTest -->
