<?xml version="1.0" encoding="UTF-8"?>
<!-- Generated by org.testng.reporters.JUnitReportReporter -->
<testsuite hostname="DESKTOP-0CQBC83" failures="0" tests="3" name="tusharorg.tests.SubmitOrderTest" time="66.781" errors="0" timestamp="2024-08-19T01:31:00 IST" skipped="0">
  <testcase classname="tusharorg.tests.SubmitOrderTest" name="orderHistoryTest" time="16.550"/>
  <system-out/>
  <testcase classname="tusharorg.tests.SubmitOrderTest" name="submitOrder" time="27.767"/>
  <system-out/>
  <testcase classname="tusharorg.tests.SubmitOrderTest" name="submitOrder" time="22.464"/>
  <system-out/>
</testsuite> <!-- tusharorg.tests.SubmitOrderTest -->
