<?xml version="1.0" encoding="UTF-8"?>
<!-- Generated by org.testng.reporters.JUnitReportReporter -->
<testsuite hostname="DESKTOP-0CQBC83" failures="0" tests="2" name="tusharorg.tests.SubmitOrderTest" time="55.226" errors="0" timestamp="2024-08-18T13:19:15 IST" skipped="0">
  <testcase classname="tusharorg.tests.SubmitOrderTest" name="submitOrder" time="29.658"/>
  <system-out/>
  <testcase classname="tusharorg.tests.SubmitOrderTest" name="submitOrder" time="25.568"/>
  <system-out/>
</testsuite> <!-- tusharorg.tests.SubmitOrderTest -->
