<?xml version="1.0" encoding="UTF-8"?>
<!-- Generated by org.testng.reporters.JUnitReportReporter -->
<testsuite hostname="DESKTOP-0CQBC83" failures="0" tests="1" name="tusharorg.tests.StandAloneTest" time="24.830" errors="0" timestamp="2024-08-17T22:51:18 IST" skipped="0">
  <testcase classname="tusharorg.tests.StandAloneTest" name="submitOrder" time="24.830"/>
  <system-out/>
</testsuite> <!-- tusharorg.tests.StandAloneTest -->
