<?xml version="1.0" encoding="UTF-8"?>
<!-- Generated by org.testng.reporters.JUnitReportReporter -->
<testsuite hostname="DESKTOP-0CQBC83" failures="0" tests="1" name="tusharorg.tests.StandAloneTest" time="22.239" errors="0" timestamp="2024-08-17T17:29:39 IST" skipped="0">
  <testcase classname="tusharorg.tests.StandAloneTest" name="submitOrder" time="22.239"/>
  <system-out/>
</testsuite> <!-- tusharorg.tests.StandAloneTest -->
