<?xml version="1.0" encoding="UTF-8"?>
<!-- Generated by org.testng.reporters.JUnitReportReporter -->
<testsuite hostname="DESKTOP-0CQBC83" failures="0" tests="1" name="tusharorg.tests.ErrorValidations" time="22.846" errors="0" timestamp="2024-08-17T22:21:01 IST" skipped="0">
  <testcase classname="tusharorg.tests.ErrorValidations" name="submitOrder" time="22.846"/>
  <system-out/>
</testsuite> <!-- tusharorg.tests.ErrorValidations -->
